<?xml version="1.0" encoding="UTF-8"?>
<!-- Generated by org.testng.reporters.JUnitReportReporter -->
<testsuite hostname="DESKTOP-NO8L7QI" failures="0" tests="2" name="test.LoginTest" time="1.939" errors="0" timestamp="2023-02-16T22:30:21 IST" skipped="0">
  <testcase classname="test.LoginTest" name="validatedetails" time="1.930"/>
  <system-out/>
  <testcase classname="test.LoginTest" name="validateTitle" time="0.009"/>
  <system-out/>
</testsuite> <!-- test.LoginTest -->
