<?xml version="1.0" encoding="UTF-8"?>
<!-- Generated by org.testng.reporters.JUnitReportReporter -->
<testsuite hostname="DESKTOP-NO8L7QI" failures="0" tests="3" name="zproject.Practice" time="0.013" errors="0" timestamp="2023-02-16T20:43:59 IST" skipped="0">
  <testcase classname="zproject.Practice" name="m2" time="0.001"/>
  <system-out/>
  <testcase classname="zproject.Practice" name="m1" time="0.011"/>
  <system-out/>
  <testcase classname="zproject.Practice" name="m3" time="0.001"/>
  <system-out/>
</testsuite> <!-- zproject.Practice -->
